C51 COMPILER V9.59.0.0   PTO_PARALELO                                                      09/10/2021 12:54:09 PAGE 1   


C51 COMPILER V9.59.0.0, COMPILATION OF MODULE PTO_PARALELO
OBJECT MODULE PLACED IN .\Objects\pto_paralelo.obj
COMPILER INVOKED BY: C:\Keil_v5\C51\BIN\C51.EXE pto_paralelo.c LARGE OPTIMIZE(8,SPEED) BROWSE DEBUG OBJECTEXTEND PRINT(.
                    -\Listings\pto_paralelo.lst) TABS(2) OBJECT(.\Objects\pto_paralelo.obj)

line level    source

   1          #include <pto_paralelo.h>
   2          #include <reg51.h>
   3          #include <string.h>
   4          
   5          extern void Delay (void);
   6          extern void Delay_20us(unsigned int cnt);
   7          extern void off_Timer0_Interrup(void);
   8          extern void on_Timer0_Interrup(void);
   9          extern void          _nop_     (void);
  10          extern void Block_read_Clock(unsigned char *datos_clock);
  11          extern unsigned char lee_clk (unsigned char dir_clk);
  12          extern int sprintf  (char *, const char *, ...);
  13          extern void DebugBufferMF(unsigned char *str,unsigned char num_char,char io);
  14          extern void Debug_txt_Tibbo(unsigned char * str);
  15          extern void Debug_Dividir_texto();
  16          extern void Block_read_Clock_Hex(unsigned char *datos_clock);
  17          extern unsigned char rd_eeprom (unsigned char control,unsigned int Dir); 
  18          extern void Debug_chr_Tibbo(unsigned char Dat);
  19          extern void confirmacion();
  20          
  21          /*pines del pto paralelo*/
  22          sbit port_clk = P3^4;       //Recepcion AUX                     *
  23          sbit busy = P3^3;           /*bussy de Entrada Interrupcion del Procesador principal      */
  24          sbit ready = P3^2;          //Salida. solicitud envio Datos             *
  25          sbit rx_in_data = P0^6;       //Indicador de Rx Transporte o Lectura Wiegand      *
  26          sbit led_err_imp = P0^2;      //Error   
  27          
  28          #define MAX_DAT_BUFF    40
  29          #define TIME_WBUS       20000
  30          #define STX             02 
  31          #define ETX             03 
  32          #define EE_ID_CLIENTE           0x0000
  33          #define EE_ID_PARK              0x0002
  34          
  35          /*CMD DE LECTURA DEL RELOJ*/
  36          #define RDIA            0x87
  37          #define RMES            0x89
  38          #define RANO            0x8D
  39          #define RHORA           0x85
  40          #define RMIN            0x83
  41          #define RSEG            0x81
  42          #define RDIA_SEMANA     0x8B
  43          
  44          /*definicion de variable globales*/
  45          //extern int ID_CLIENTE;            
  46          //extern int COD_PARK;
  47          
  48          /*------------------------------------------------------------------------------
  49          
  50          Recibe informacion del Mc principla por pto paralelo
  51          retorna:
  52          num_data= numero de caracteres recibidos
  53          buffer_port= apuntador donde se almacena el dato recibido
  54          busy=0    significa que el principla me transmite una cadena de datos
C51 COMPILER V9.59.0.0   PTO_PARALELO                                                      09/10/2021 12:54:09 PAGE 2   

  55          Ready=0   significa que estoy listo para recibir los datos
  56          time_out= es el tiempo de espera que le damos al ciclo de reloj en alto si se pasa el tiempo se sale por f
             -in de la transmicion 
  57          num_data= es numero de datos recibidos 
  58          rx_in_data= 0 prende el led que estoy recibiendo un dato (1) termina la recepcion del dato
  59          
  60          ------------------------------------------------------------------------------*/
  61          unsigned char recibe_port(unsigned char *buffer_port)
  62          {
  63   1      
  64   1        unsigned int count;
  65   1        unsigned char time_out,num_data;
  66   1        unsigned int T_ANCHO=152;       //160
  67   1        unsigned char data_temp=0;
  68   1      
  69   1        
  70   1        if (busy==0)
  71   1        {
  72   2          
  73   2          off_Timer0_Interrup();
  74   2          num_data=0;
  75   2          rx_in_data=0;
  76   2          time_out=0;
  77   2          ready=0;
  78   2        
  79   2      //-----------------------------------------------------------------
  80   2          count=T_ANCHO;
  81   2          while ((busy==0)&&(time_out==0))
  82   2          {
  83   3            if(port_clk==1)
  84   3            {
  85   4              
  86   4              count--;
  87   4              if (count==0)
  88   4              {
  89   5                time_out=1;
  90   5                break;
  91   5              }
  92   4            }
  93   3            else 
  94   3            {
  95   4              if (num_data<MAX_DAT_BUFF)
  96   4              {
  97   5                
  98   5                while(port_clk==0)
  99   5                {
 100   6                  
 101   6                  data_temp=P2 & 0xff;
 102   6                
 103   6                }
 104   5                  *buffer_port=data_temp;
 105   5                  buffer_port++;
 106   5                  num_data++; 
 107   5                  count=T_ANCHO;
 108   5              }
 109   4              else{break;}
 110   4            }
 111   3          }
 112   2      
 113   2      
 114   2          ready=1;
 115   2          rx_in_data=1;
C51 COMPILER V9.59.0.0   PTO_PARALELO                                                      09/10/2021 12:54:09 PAGE 3   

 116   2        }
 117   1        on_Timer0_Interrup();
 118   1           
 119   1        return num_data;
 120   1      }
 121          
 122          /*-------------------------------------------------------------------------------------------
 123          
 124          Rutina de envio de datos pto paralelo
 125          
 126          -------------------------------------------------------------------------------------------*/
 127          void  send_port(unsigned char *buffer_port, unsigned char length_char)
 128          {
 129   1       
 130   1        long int cont;
 131   1        unsigned char timeOut,length;
 132   1        
 133   1        length=length_char;
 134   1      
 135   1        ready=1;                                        // Genera interrupcion al Principal
 136   1        port_clk=1;                                     // El que transmite debe fijar primero el Clk en 1
 137   1        rx_in_data=0;                                   // Led de visualizacion   ON
 138   1        timeOut=0;                                      // Tiempo de Espera
 139   1        ready=0;                                        // Genera interrupcion al Principal
 140   1        cont=TIME_WBUS;
 141   1      
 142   1        while ((busy==1)&&(timeOut==0))                 //Espera reconocimiento INT por entrada busy
 143   1        {
 144   2          ready=0;
 145   2          port_clk=1;
 146   2          cont--;
 147   2          if (cont==0)
 148   2          {
 149   3            timeOut=1;
 150   3            //led_err_imp=0;                              // LED ERROR
 151   3          }
 152   2        }
 153   1        if ((timeOut==0)&&(busy==0))
 154   1        {
 155   2            
 156   2          
 157   2          do 
 158   2          {
 159   3            
 160   3                P2=*buffer_port;
 161   3                Pulso_Bus();
 162   3                buffer_port++;
 163   3            
 164   3                length_char--;
 165   3          }while (length_char);
 166   2            
 167   2          }
 168   1      
 169   1        P2=0XFF;
 170   1        ready=1;
 171   1        port_clk=1;
 172   1        rx_in_data=1;                                   //Led de visualizacion  OFF
 173   1        Delay_20us(98);
 174   1            
 175   1          
 176   1      }
 177          
C51 COMPILER V9.59.0.0   PTO_PARALELO                                                      09/10/2021 12:54:09 PAGE 4   

 178          /*-------------------------------------------------------------------------------------------
 179          Reloj del pto paralelo
 180          -------------------------------------------------------------------------------------------*/
 181          void Pulso_Bus(void)
 182          {
 183   1        port_clk=0;
 184   1        Delay_20us(33);
 185   1        port_clk=1;
 186   1        Delay_20us(33);                 /*wait_ancho*/
 187   1      }
 188          /*-------------------------------------------------------------------------------------------
 189          Envia msj de error visualizar en el lcd del micro principal
 190          -------------------------------------------------------------------------------------------*/
 191          void send_portERR(unsigned char cod_err)
 192          {
 193   1        unsigned char timeOut;
 194   1        long int cont;
 195   1        
 196   1        port_clk=1;                                   /*Reloj del pto paralelo El que transmite debe fijar primero el Clk en 1*/
 197   1        rx_in_data=0;                                 //Led de visualizacion  ON
 198   1        timeOut=0;
 199   1        cont=15000;
 200   1        
 201   1        P2=cod_err;
 202   1        ready=0;                                      //Genera interrupcion al Principal
 203   1        while ((busy==1)&&(timeOut==0))               //Espera reconocimiento INT por entrada busy
 204   1        {
 205   2          cont--;
 206   2          if (cont==0)
 207   2          {
 208   3            timeOut=1;
 209   3          }
 210   2        }
 211   1        if ((timeOut==0)&&(busy==0))
 212   1        {
 213   2              P2=cod_err;
 214   2            Pulso_Bus();
 215   2        }
 216   1        ready=1;
 217   1        port_clk=1;
 218   1        rx_in_data=1;                                   //Led de visualizacion  OFF
 219   1      
 220   1        P2=0XFF;
 221   1      
 222   1        Delay_20us(98); 
 223   1        Delay_20us(98); 
 224   1        
 225   1      }
 226          /*-------------------------------------------------------------------------------------------
 227          Condiciones de Inicio del pto paralelo
 228          -------------------------------------------------------------------------------------------*/
 229          void cond_ini_pto()
 230          { 
 231   1        
 232   1        port_clk=1;
 233   1        ready=1;
 234   1        rx_in_data=1;
 235   1        P2=0xff;
 236   1        confirmacion();
 237   1      }
 238          /*------------------------------------------------------------------------------
 239          Funcion q carga el reloj y lo envia por el pto paralelo
C51 COMPILER V9.59.0.0   PTO_PARALELO                                                      09/10/2021 12:54:09 PAGE 5   

 240          msj informativo con el pulsador funcion 
 241          ------------------------------------------------------------------------------*/
 242          void load_and_send_info_reloj()
 243          {
 244   1        unsigned  char buffer_info[11];
 245   1        
 246   1          buffer_info[0]=STX;                   /*STX*/
 247   1          
 248   1          buffer_info[1]='i';                   /*se envia el cmd*/
 249   1          
 250   1        
 251   1        
 252   1        
 253   1        
 254   1          Block_read_Clock(buffer_info+2);      /*año, mes,dia, hora, minutos, segundos*/
 255   1        
 256   1          
 257   1          buffer_info[8]=lee_clk(0x8b);       //Dia semana
 258   1          buffer_info[9]=ETX;                   //ETX
 259   1          buffer_info[10]=0; 
 260   1          Debug_txt_Tibbo((unsigned char *) "Envia trama pto_paralelo= ");
 261   1          DebugBufferMF(buffer_info,10,2);  
 262   1          Debug_Dividir_texto();
 263   1          send_port(buffer_info,10);
 264   1      }
 265          
 266          /*------------------------------------------------------------------------------
 267          procedimiento que transmite por el pto paralelo ID_cliente,COD_park
 268          con el pulsador funcion
 269          ------------------------------------------------------------------------------*/ 
 270          void load_and_send_id_cod()
 271          {
 272   1        
 273   1      unsigned char buffer_info[11];
 274   1      unsigned char buf[4];
 275   1      unsigned char i;
 276   1      unsigned int ID_CLIENTE;
 277   1      unsigned int COD_PARK;      
 278   1        
 279   1          ID_CLIENTE=rd_eeprom(0xa8,EE_ID_CLIENTE); 
 280   1          //Debug_chr_Tibbo(ID_CLIENTE);
 281   1          COD_PARK=rd_eeprom(0xa8,EE_ID_PARK);
 282   1          //Debug_chr_Tibbo(COD_PARK);
 283   1          buffer_info[0]=STX;                       //STX
 284   1          buffer_info[1]='D';                       // nombre del comando de id_cliente, cod_park
 285   1          buffer_info[2]=0; 
 286   1          
 287   1              sprintf(buf,"%d",ID_CLIENTE);             /*ID_CLIENTE lo paso a strim */
 288   1              strcat(buffer_info,buf);
 289   1            
 290   1            
 291   1           strcat(buffer_info,";\0");
 292   1          
 293   1            
 294   1           sprintf(buf,"%d",COD_PARK);                /*cod_park lo paso a strim*/
 295   1           strcat(buffer_info,buf);
 296   1            
 297   1            strcat(buffer_info,";\0");
 298   1            i=strlen(buffer_info);
 299   1            buffer_info[i++]=ETX;                     //ETX
 300   1            buffer_info[i++]=0;
 301   1            i--;
C51 COMPILER V9.59.0.0   PTO_PARALELO                                                      09/10/2021 12:54:09 PAGE 6   

 302   1            Debug_txt_Tibbo((unsigned char *) "Envia trama pto_paralelo= ");
 303   1            DebugBufferMF(buffer_info,i,2); 
 304   1            Debug_Dividir_texto();
 305   1            send_port(buffer_info,i);                 /*se transmite informacion pt0 paralelo*/
 306   1      }


MODULE INFORMATION:   STATIC OVERLAYABLE
   CODE SIZE        =    889    ----
   CONSTANT SIZE    =     33    ----
   XDATA SIZE       =   ----      55
   PDATA SIZE       =   ----    ----
   DATA SIZE        =   ----    ----
   IDATA SIZE       =   ----    ----
   BIT SIZE         =   ----    ----
END OF MODULE INFORMATION.


C51 COMPILATION COMPLETE.  0 WARNING(S),  0 ERROR(S)
