C51 COMPILER V9.59.0.0   TIBBO                                                             09/10/2021 12:54:10 PAGE 1   


C51 COMPILER V9.59.0.0, COMPILATION OF MODULE TIBBO
OBJECT MODULE PLACED IN .\Objects\tibbo.obj
COMPILER INVOKED BY: C:\Keil_v5\C51\BIN\C51.EXE tibbo.c LARGE OPTIMIZE(8,SPEED) BROWSE DEBUG OBJECTEXTEND PRINT(.\Listin
                    -gs\tibbo.lst) TABS(2) OBJECT(.\Objects\tibbo.obj)

line level    source

   1          #include <reg51.h>
   2          #include "tibbo.h" 
   3          
   4          /*funciones externas*/
   5          extern void Delay_20us(unsigned int cnt);
   6          extern void          _nop_     (void);
   7          extern unsigned char hex_bcd (unsigned char byte);
   8          extern char putchar (char c);
   9          /*variable externas*/
  10          extern unsigned char Debug_Tibbo;
  11          
  12          sbit rx_ip = P0^0;          //    
  13          sbit txd2 = P1^0;         //Transmision Aux Datos IP        
  14          sbit sel_com = P0^7;  //*
  15          
  16          #define True                    0x01
  17          #define False                   0x00
  18          #define SIN_MSJ                 0x02
  19          /*------------------------------------------------------------------------------
  20          ------------------------------------------------------------------------------*/
  21          void time_bit()
  22          {
  23   1        unsigned char j;
  24   1        for (j=0; j<=15; j++)         //18 para 19200  ...   41 Para 9600
  25   1        {
  26   2        }
  27   1      
  28   1      //  for (j=0; j<=7; j++)        //18 para 19200  ...   41 Para 9600  //42 142us //7 a 9600 transmision
  29   1      //  {
  30   1      //    _nop_();
  31   1      //    _nop_();
  32   1      //    _nop_();
  33   1      //    _nop_();
  34   1      //    _nop_();
  35   1      //    _nop_();
  36   1      //    _nop_();
  37   1      //    _nop_();
  38   1      //    _nop_();
  39   1          
  40   1      //  }
  41   1      //    _nop_();
  42   1      //    _nop_();
  43   1      //    _nop_();
  44   1      //    _nop_();
  45   1      //    _nop_();    //91
  46   1      //    _nop_();
  47   1      //    _nop_(); //92
  48   1      //   _nop_();
  49   1      //   _nop_();     //93
  50   1      //   _nop_();     
  51   1      //   _nop_();     //94
  52   1      }
  53          /*------------------------------------------------------------------------------
  54          ------------------------------------------------------------------------------*/
C51 COMPILER V9.59.0.0   TIBBO                                                             09/10/2021 12:54:10 PAGE 2   

  55          void time_mbit(void)
  56          {
  57   1        unsigned char j;
  58   1        //unsigned char j;
  59   1      
  60   1        for (j=0; j<=6; j++)        //5 18 para 19200  ...   41 Para 9600
  61   1        {
  62   2      //  for (j=0; j<=4; j++)
  63   2        //{
  64   2        //  _nop_();
  65   2        //  _nop_();
  66   2        //  _nop_();
  67   2        //  _nop_();
  68   2        //  _nop_();
  69   2        //  _nop_();
  70   2        //  _nop_();
  71   2        }
  72   1      
  73   1      }
  74          
  75          /*------------------------------------------------------------------------------
  76          Transmite un caracter  por tibbo a 9600 bd
  77          ------------------------------------------------------------------------------*/
  78          void tx_aux(unsigned char caracter)
  79          {
  80   1        unsigned char j, temporal, bitTX;
  81   1      
  82   1        EA=False;
  83   1        txd2=False;
  84   1        time_bit();
  85   1          _nop_();
  86   1          _nop_();
  87   1          temporal=caracter;
  88   1        bitTX=caracter&0x01;
  89   1        if (bitTX==0x00)
  90   1        {
  91   2          txd2=False;
  92   2        }
  93   1        else
  94   1        {
  95   2            txd2=True;
  96   2        }
  97   1        time_bit();
  98   1        for (j=1; j<=7; j++)
  99   1        {
 100   2          temporal>>=1;
 101   2          bitTX=temporal&(0x01);
 102   2          if (bitTX==0x00)
 103   2          {
 104   3            txd2=False;
 105   3          }
 106   2          else
 107   2          {
 108   3              txd2=True;
 109   3          }
 110   2          time_bit();
 111   2        }
 112   1        txd2=True;
 113   1        time_bit();
 114   1        time_bit(); 
 115   1      
 116   1        EA=True;
C51 COMPILER V9.59.0.0   TIBBO                                                             09/10/2021 12:54:10 PAGE 3   

 117   1      }
 118          
 119          
 120          void Debug_HexDec(unsigned char xfc)
 121          {
 122   1        unsigned int valor;
 123   1        unsigned char centena, decena, unidad;
 124   1        valor=0;
 125   1      
 126   1        centena=0;
 127   1        decena=0;
 128   1        unidad=0;
 129   1        if (Debug_Tibbo==1)
 130   1        {  
 131   2          while (xfc>=0x064)        // resto 100
 132   2          {
 133   3            xfc=xfc-0x64;
 134   3            centena=centena+1;
 135   3          }
 136   2          while (xfc>=0x0a)       // resto 10
 137   2          {
 138   3            xfc=xfc-0x0a;
 139   3            decena=decena+1;
 140   3          }
 141   2          unidad=xfc;
 142   2            tx_aux(centena|0x30);
 143   2          tx_aux(decena|0x30);
 144   2            tx_aux(unidad|0x30);
 145   2          
 146   2        }
 147   1      }
 148          
 149          /*------------------------------------------------------------------------------
 150          Transmito un caracter pasandolo a ascii 
 151          ------------------------------------------------------------------------------*/
 152          void Debug_chr_Tibbo(unsigned char Dat)
 153          {
 154   1        unsigned char temp;
 155   1        if (Debug_Tibbo==True)
 156   1        {
 157   2          temp=(Dat&0xf0)>>4;
 158   2          (temp>0x09)?(temp=temp+0x37):(temp=temp+0x30);
 159   2            
 160   2          tx_aux(temp);
 161   2                     
 162   2          temp=(Dat&0x0f);
 163   2          (temp>0x09)?(temp=temp+0x37):(temp=temp+0x30);
 164   2          tx_aux(temp);
 165   2          tx_aux(' ');
 166   2        
 167   2        }
 168   1      }
 169          void Debug_chr_rs232_lcd(unsigned char Dat)
 170          {
 171   1        unsigned char temp,d;
 172   1        temp=(Dat&0xf0)>>4;
 173   1          (temp>0x09)?(temp=temp+0x37):(temp=temp+0x30);
 174   1              d=putchar(temp);
 175   1        temp=(Dat&0x0f);
 176   1          (temp>0x09)?(temp=temp+0x37):(temp=temp+0x30);
 177   1        d=putchar(temp);
 178   1        d=putchar(' ');
C51 COMPILER V9.59.0.0   TIBBO                                                             09/10/2021 12:54:10 PAGE 4   

 179   1      }
 180          /*------------------------------------------------------------------------------
 181          Transmito un Buffer x y lo pasa a ascii 
 182          io=0 datos enviados
 183          io=1 datos recibidos
 184          io=2 no hay texto
 185          ------------------------------------------------------------------------------*/
 186          void DebugBufferMF(unsigned char *str,unsigned char num_char,char io)
 187          {
 188   1        unsigned char j;
 189   1       
 190   1        
 191   1        if (Debug_Tibbo == True)
 192   1        {
 193   2          if(io == True)
 194   2          {
 195   3          Debug_txt_Tibbo((unsigned char *) "Datos Recibidos del Transporte: ");
 196   3          }
 197   2          else if  (io == False)
 198   2          {
 199   3            Debug_txt_Tibbo((unsigned char *) "Datos Enviados al Transporte: ");
 200   3          }
 201   2          
 202   2          for (j=0; j<num_char; j++)
 203   2          {
 204   3          Debug_chr_Tibbo(*str);
 205   3          str++;
 206   3          }
 207   2          tx_aux('\r');
 208   2          tx_aux('\n');
 209   2        }
 210   1      
 211   1      }
 212          void Debug_Buffer_rs232_lcd(unsigned char *str,unsigned char num_char)
 213          {
 214   1        unsigned char j,d;
 215   1        sel_com=0;
 216   1        for (j=0; j<num_char; j++)
 217   1          {
 218   2          Debug_chr_rs232_lcd(*str);
 219   2          str++;
 220   2          }
 221   1          d=putchar('\n');
 222   1          
 223   1        
 224   1        sel_com=1;
 225   1      }
 226          /*------------------------------------------------------------------------------
 227          imprime la trama hasta el caracter null
 228          ------------------------------------------------------------------------------*/
 229          void Debug_txt_Tibbo(unsigned char * str)
 230          {
 231   1        unsigned char i;
 232   1        i=0;
 233   1        
 234   1        if (Debug_Tibbo==True)
 235   1        {
 236   2          for (i=0; str[i] != '\0'; i++)
 237   2          {
 238   3              tx_aux(str[i]);
 239   3          }
 240   2          
C51 COMPILER V9.59.0.0   TIBBO                                                             09/10/2021 12:54:10 PAGE 5   

 241   2        }
 242   1      }
 243          void Debug_txt_rs232(unsigned char * str)
 244          {
 245   1        unsigned char i,d;
 246   1        i=0;
 247   1        
 248   1        
 249   1          for (i=0; str[i] != '\0'; i++)
 250   1          {
 251   2              d=putchar(str[i]);
 252   2          }
 253   1          
 254   1        
 255   1      }
 256          void Debug_Dividir_texto()
 257          {
 258   1        Debug_txt_Tibbo((unsigned char *) "/*---------------------------------------*/\n\r");
 259   1      }
 260          
 261          /*------------------------------------------------------------------------------
 262          Recibe la trama del tibbo a 9600bd
 263          ------------------------------------------------------------------------------*/
 264          unsigned char rx_Data(void)
 265          {
 266   1        unsigned char temporal;
 267   1          
 268   1          temporal=0xff;
 269   1          time_mbit();
 270   1      //--------------------------------------------------------------------------------------------------
 271   1          time_bit();
 272   1      //--------------------------------------------------------------------------------------------------
 273   1          temporal=(rx_ip==0)?(temporal&0x7f):(temporal|0x80);
 274   1          temporal>>=1;
 275   1      //------------------------------------------------------------------------------------
 276   1          time_bit();
 277   1      //------------------------------------------------------------------------------------
 278   1          temporal=(rx_ip==0)?(temporal&0x7f):(temporal|0x80);
 279   1          temporal>>=1;
 280   1      //------------------------------------------------------------------------------------
 281   1          time_bit();
 282   1      //------------------------------------------------------------------------------------
 283   1          temporal=(rx_ip==0)?(temporal&0x7f):(temporal|0x80);
 284   1          temporal>>=1;
 285   1      //------------------------------------------------------------------------------------
 286   1          time_bit();
 287   1      //------------------------------------------------------------------------------------
 288   1          temporal=(rx_ip==0)?(temporal&0x7f):(temporal|0x80);
 289   1          temporal>>=1;
 290   1      //------------------------------------------------------------------------------------
 291   1          time_bit();
 292   1      //------------------------------------------------------------------------------------
 293   1          temporal=(rx_ip==0)?(temporal&0x7f):(temporal|0x80);
 294   1          temporal>>=1;
 295   1      //------------------------------------------------------------------------------------
 296   1          time_bit();
 297   1      //------------------------------------------------------------------------------------
 298   1          temporal=(rx_ip==0)?(temporal&0x7f):(temporal|0x80);
 299   1          temporal>>=1;
 300   1      //------------------------------------------------------------------------------------
 301   1          time_bit();
 302   1      //------------------------------------------------------------------------------------
C51 COMPILER V9.59.0.0   TIBBO                                                             09/10/2021 12:54:10 PAGE 6   

 303   1          temporal=(rx_ip==0)?(temporal&0x7f):(temporal|0x80);
 304   1          temporal>>=1;
 305   1      //------------------------------------------------------------------------------------
 306   1          time_bit();
 307   1          temporal=(rx_ip==0)?(temporal&0x7f):(temporal|0x80);
 308   1      //------------------------------------------------------------------------------------
 309   1          time_bit();
 310   1            while (rx_ip==0)
 311   1          {
 312   2          }
 313   1          
 314   1      //------------------------------------------------------------------------------------
 315   1        return temporal; 
 316   1      
 317   1      } 
 318          //void Debug_Fecha_actual(unsigned char *buffer)
 319          //{
 320          //  Debug_txt_Tibbo((unsigned char *) "Fecha Actual en Board: ");
 321          //      Debug_chr_Tibbo(hex_bcd(*buffer));                            /*año*/
 322          //      tx_aux('/');
 323          //      Debug_chr_Tibbo(hex_bcd(*(buffer+1)));                        /*mes*/
 324          //      tx_aux('/');
 325          //      Debug_chr_Tibbo(hex_bcd(*(buffer+2)));                        /*dia*/
 326          //      tx_aux(' ');
 327          //      Debug_chr_Tibbo(hex_bcd(*(buffer+3)));                        /*hora*/
 328          //      tx_aux(':');
 329          //      Debug_chr_Tibbo(hex_bcd(*(buffer+4)));                        /*minutos*/
 330          //      Debug_txt_Tibbo((unsigned char *) "\r\n\r\n");
 331          //}
 332          /*------------------------------------------------------------------------------
 333          Condiciones iniciales de los pines
 334          ------------------------------------------------------------------------------*/
 335          void cond_ini_tibbo(void)
 336          {
 337   1      
 338   1        txd2=True;
 339   1        rx_ip=True;
 340   1      }
 341          void Debug_pto_paralelo(unsigned char *buffer, unsigned char Length_trama )
 342          {
 343   1        
 344   1        Debug_txt_Tibbo((unsigned char *) "Recibe trama pto paral = ");         /*trama recibida pto paralelo */
 345   1        DebugBufferMF(buffer,Length_trama,SIN_MSJ);                               /*imprimo la trama recibida*/
 346   1        Debug_txt_Tibbo((unsigned char *) "longitud de la trama: ");    /*msj longitud de la trama */
 347   1        Debug_chr_Tibbo(Length_trama);                                      /*numero de caracteres recibidos*/
 348   1        Debug_txt_Tibbo((unsigned char *) "\r\n");
 349   1        Debug_Dividir_texto();                                              /*divido el texto*/
 350   1            
 351   1      } 
 352          void Debug_monitor(unsigned char *buffer, unsigned char Length_trama )
 353          {
 354   1        Debug_Dividir_texto();                                              /*se divide el texto */     
 355   1        Debug_txt_Tibbo((unsigned char *) "Recibe trama Monitor= ");        
 356   1        Debug_txt_Tibbo(buffer);
 357   1        Debug_txt_Tibbo((unsigned char *) "\r\n");
 358   1        Debug_txt_Tibbo((unsigned char *) "longitud de la trama: ");    /*msj longitud de la trama */
 359   1        Debug_chr_Tibbo(Length_trama);                                      /*numero de caracteres recibidos*/
 360   1        Debug_txt_Tibbo((unsigned char *) "\r\n");        
 361   1        Debug_Dividir_texto();  
 362   1      } 


C51 COMPILER V9.59.0.0   TIBBO                                                             09/10/2021 12:54:10 PAGE 7   

MODULE INFORMATION:   STATIC OVERLAYABLE
   CODE SIZE        =    940    ----
   CONSTANT SIZE    =    185    ----
   XDATA SIZE       =   ----      32
   PDATA SIZE       =   ----    ----
   DATA SIZE        =   ----    ----
   IDATA SIZE       =   ----    ----
   BIT SIZE         =   ----    ----
END OF MODULE INFORMATION.


C51 COMPILATION COMPLETE.  0 WARNING(S),  0 ERROR(S)
